0 info it worked if it ends with ok
1 verbose cli [ '/home/nrc/.nvm/versions/node/v6.17.1/bin/node',
1 verbose cli   '/home/nrc/.nvm/versions/node/v6.17.1/bin/npm',
1 verbose cli   'run',
1 verbose cli   'check',
1 verbose cli   '116.0.5845.96' ]
2 info using npm@3.10.10
3 info using node@v6.17.1
4 verbose stack Error: ENOENT: no such file or directory, open '/home/nrc/uc/Web-scrapping-tools/Selenium/package.json'
4 verbose stack     at Error (native)
5 verbose cwd /home/nrc/uc/Web-scrapping-tools/Selenium
6 error Linux 5.15.90.1-microsoft-standard-WSL2
7 error argv "/home/nrc/.nvm/versions/node/v6.17.1/bin/node" "/home/nrc/.nvm/versions/node/v6.17.1/bin/npm" "run" "check" "116.0.5845.96"
8 error node v6.17.1
9 error npm  v3.10.10
10 error path /home/nrc/uc/Web-scrapping-tools/Selenium/package.json
11 error code ENOENT
12 error errno -2
13 error syscall open
14 error enoent ENOENT: no such file or directory, open '/home/nrc/uc/Web-scrapping-tools/Selenium/package.json'
15 error enoent ENOENT: no such file or directory, open '/home/nrc/uc/Web-scrapping-tools/Selenium/package.json'
15 error enoent This is most likely not a problem with npm itself
15 error enoent and is related to npm not being able to find a file.
16 verbose exit [ -2, true ]
